Using pre-set license
Built from '2020.3/release' branch; Version is '2020.3.15f2 (6cf78cb77498) revision 7141260'; Using compiler version '192528614'; Build Type 'Release'
OS: 'Windows 10 Home Single Language; OS build 19043.1348; Version 2009; 64bit' Language: 'es' Physical Memory: 16263 MB
BatchMode: 1, IsHumanControllingUs: 0, StartBugReporterOnCrash: 0, Is64bit: 1, IsPro: 0

 COMMAND LINE ARGUMENTS:
D:\Unity Editor\2020.3.15f2\Editor\Unity.exe
-adb2
-batchMode
-noUpm
-name
AssetImportWorker0
-projectPath
D:/Unity proyectos/Univalle Prog Juegos/HexoCube
-logFile
Logs/AssetImportWorker0.log
-srvPort
50419
Successfully changed project path to: D:/Unity proyectos/Univalle Prog Juegos/HexoCube
D:/Unity proyectos/Univalle Prog Juegos/HexoCube
Using Asset Import Pipeline V2.
Refreshing native plugins compatible for Editor in 40.79 ms, found 3 plugins.
Preloading 0 native plugins for Editor in 0.00 ms.
Initialize engine version: 2020.3.15f2 (6cf78cb77498)
[Subsystems] Discovering subsystems at path D:/Unity Editor/2020.3.15f2/Editor/Data/Resources/UnitySubsystems
[Subsystems] Discovering subsystems at path D:/Unity proyectos/Univalle Prog Juegos/HexoCube/Assets
GfxDevice: creating device client; threaded=0
Direct3D:
    Version:  Direct3D 11.0 [level 11.1]
    Renderer: NVIDIA GeForce GTX 1070 with Max-Q Design (ID=0x1be1)
    Vendor:   
    VRAM:     8082 MB
    Driver:   30.0.14.9676
Initialize mono
Mono path[0] = 'D:/Unity Editor/2020.3.15f2/Editor/Data/Managed'
Mono path[1] = 'D:/Unity Editor/2020.3.15f2/Editor/Data/MonoBleedingEdge/lib/mono/unityjit'
Mono config path = 'D:/Unity Editor/2020.3.15f2/Editor/Data/MonoBleedingEdge/etc'
Using monoOptions --debugger-agent=transport=dt_socket,embedding=1,server=y,suspend=n,address=127.0.0.1:56812
Begin MonoManager ReloadAssembly
Registering precompiled unity dll's ...
Register platform support module: D:/Unity Editor/2020.3.15f2/Editor/Data/PlaybackEngines/WebGLSupport/UnityEditor.WebGL.Extensions.dll
Register platform support module: D:/Unity Editor/2020.3.15f2/Editor/Data/PlaybackEngines/WindowsStandaloneSupport/UnityEditor.WindowsStandalone.Extensions.dll
Registered in 0.001253 seconds.
Native extension for WindowsStandalone target not found
Native extension for WebGL target not found
Refreshing native plugins compatible for Editor in 40.91 ms, found 3 plugins.
Preloading 0 native plugins for Editor in 0.00 ms.
Mono: successfully reloaded assembly
- Completed reload, in  0.984 seconds
Domain Reload Profiling:
	ReloadAssembly (984ms)
		BeginReloadAssembly (49ms)
			ExecutionOrderSort (0ms)
			DisableScriptedObjects (0ms)
			BackupInstance (0ms)
			ReleaseScriptingObjects (0ms)
			CreateAndSetChildDomain (1ms)
		EndReloadAssembly (407ms)
			LoadAssemblies (48ms)
			RebuildTransferFunctionScriptingTraits (0ms)
			SetupTypeCache (148ms)
			ReleaseScriptCaches (0ms)
			RebuildScriptCaches (31ms)
			SetupLoadedEditorAssemblies (160ms)
				LogAssemblyErrors (0ms)
				InitializePlatformSupportModulesInManaged (4ms)
				SetLoadedEditorAssemblies (0ms)
				RefreshPlugins (41ms)
				BeforeProcessingInitializeOnLoad (13ms)
				ProcessInitializeOnLoadAttributes (75ms)
				ProcessInitializeOnLoadMethodAttributes (26ms)
				AfterProcessingInitializeOnLoad (0ms)
				EditorAssembliesLoaded (0ms)
			ExecutionOrderSort2 (0ms)
			AwakeInstancesAfterBackupRestoration (0ms)
Platform modules already initialized, skipping
Registering precompiled user dll's ...
Registered in 0.002962 seconds.
Begin MonoManager ReloadAssembly
Native extension for WindowsStandalone target not found
Native extension for WebGL target not found
Refreshing native plugins compatible for Editor in 37.43 ms, found 3 plugins.
Preloading 0 native plugins for Editor in 0.00 ms.
Mono: successfully reloaded assembly
- Completed reload, in  1.188 seconds
Domain Reload Profiling:
	ReloadAssembly (1189ms)
		BeginReloadAssembly (149ms)
			ExecutionOrderSort (0ms)
			DisableScriptedObjects (5ms)
			BackupInstance (0ms)
			ReleaseScriptingObjects (0ms)
			CreateAndSetChildDomain (18ms)
		EndReloadAssembly (982ms)
			LoadAssemblies (84ms)
			RebuildTransferFunctionScriptingTraits (0ms)
			SetupTypeCache (285ms)
			ReleaseScriptCaches (0ms)
			RebuildScriptCaches (48ms)
			SetupLoadedEditorAssemblies (425ms)
				LogAssemblyErrors (0ms)
				InitializePlatformSupportModulesInManaged (4ms)
				SetLoadedEditorAssemblies (0ms)
				RefreshPlugins (38ms)
				BeforeProcessingInitializeOnLoad (81ms)
				ProcessInitializeOnLoadAttributes (287ms)
				ProcessInitializeOnLoadMethodAttributes (12ms)
				AfterProcessingInitializeOnLoad (2ms)
				EditorAssembliesLoaded (0ms)
			ExecutionOrderSort2 (0ms)
			AwakeInstancesAfterBackupRestoration (6ms)
Platform modules already initialized, skipping
========================================================================
Worker process is ready to serve import requests
Launched and connected shader compiler UnityShaderCompiler.exe after 0.06 seconds
Refreshing native plugins compatible for Editor in 0.42 ms, found 3 plugins.
Preloading 0 native plugins for Editor in 0.00 ms.
Unloading 2090 Unused Serialized files (Serialized files now loaded: 0)
System memory in use before: 93.1 MB.
System memory in use after: 93.1 MB.

Unloading 33 unused Assets to reduce memory usage. Loaded Objects now: 2523.
Total: 2.955200 ms (FindLiveObjects: 0.204700 ms CreateObjectMapping: 0.079900 ms MarkObjects: 2.547000 ms  DeleteObjects: 0.122500 ms)

AssetImportParameters requested are different than current active one (requested -> active):
  custom:framework-win-MediaFoundation: 216162199b28c13a410421893ffa2e32 -> 
  custom:video-decoder-ogg-theora: a1e56fd34408186e4bbccfd4996cb3dc -> 
  custom:container-muxer-webm: aa71ff27fc2769a1b78a27578f13a17b -> 
  custom:container-demuxer-webm: 4f35f7cbe854078d1ac9338744f61a02 -> 
  custom:container-demuxer-ogg: 62fdf1f143b41e24485cea50d1cbac27 -> 
  custom:video-encoder-webm-vp8: eb34c28f22e8b96e1ab97ce403110664 -> 
  custom:video-codec-MediaFoundation-h265: 746d11721c4dcdbdad8f713fa42b33f4 -> 
  custom:video-decoder-webm-vp8: 9c59270c3fd7afecdb556c50c9e8de78 -> 
  custom:audio-decoder-ogg-vorbis: bf7c407c2cedff20999df2af8eb42d56 -> 
  custom:audio-encoder-webm-vorbis: bf7c407c2cedff20999df2af8eb42d56 -> 
========================================================================
Received Import Request.
  path: Assets
  artifactKey: Guid(00000000000000001000000000000000) Importer(815301076,1909f56bfc062723c751e8b465ee728b)
Start importing Assets using Guid(00000000000000001000000000000000) Importer(815301076,1909f56bfc062723c751e8b465ee728b)  -> (artifact id: '42d402b061de3733987d63b9cc3b64de') in 0.006806 seconds 
  Import took 0.010074 seconds .

========================================================================
Received Import Request.
  Time since last request: 17.630842 seconds.
  path: Assets/Sprites
  artifactKey: Guid(e2bc3a39a4633324f8b8cc6f9fcf68ff) Importer(815301076,1909f56bfc062723c751e8b465ee728b)
Start importing Assets/Sprites using Guid(e2bc3a39a4633324f8b8cc6f9fcf68ff) Importer(815301076,1909f56bfc062723c751e8b465ee728b)  -> (artifact id: '50f1271dfbc310d6322663abadb4b466') in 0.007921 seconds 
  Import took 0.012024 seconds .

========================================================================
Received Import Request.
  Time since last request: 3.882096 seconds.
  path: Assets/Sprites/pixil-frame-0.png
  artifactKey: Guid(ff5bdc58ea5398a4a9b7bf2d8eee3343) Importer(815301076,1909f56bfc062723c751e8b465ee728b)
Start importing Assets/Sprites/pixil-frame-0.png using Guid(ff5bdc58ea5398a4a9b7bf2d8eee3343) Importer(815301076,1909f56bfc062723c751e8b465ee728b)  -> (artifact id: 'a04b9d9df752db32436198ca8ce68237') in 0.143237 seconds 
  Import took 0.146417 seconds .

========================================================================
Received Import Request.
  Time since last request: 0.000235 seconds.
  path: Assets/Sprites/pixil-frame-1.png
  artifactKey: Guid(3238a148ccfa70a4297ab14d57e8260d) Importer(815301076,1909f56bfc062723c751e8b465ee728b)
Start importing Assets/Sprites/pixil-frame-1.png using Guid(3238a148ccfa70a4297ab14d57e8260d) Importer(815301076,1909f56bfc062723c751e8b465ee728b)  -> (artifact id: 'b20370aa8a383d3341855f97a878f2f0') in 0.011184 seconds 
  Import took 0.015128 seconds .

========================================================================
Received Import Request.
  Time since last request: 0.000291 seconds.
  path: Assets/Sprites/pixil-frame-2.png
  artifactKey: Guid(c17367882d4efbe4e8ebf85ee0929124) Importer(815301076,1909f56bfc062723c751e8b465ee728b)
Start importing Assets/Sprites/pixil-frame-2.png using Guid(c17367882d4efbe4e8ebf85ee0929124) Importer(815301076,1909f56bfc062723c751e8b465ee728b)  -> (artifact id: '43a3909eea626dff4358b65319e27a25') in 0.012362 seconds 
  Import took 0.016222 seconds .

========================================================================
Received Import Request.
  Time since last request: 337.984934 seconds.
  path: Assets/Scenes
  artifactKey: Guid(8af8f18d98829d44db0d358877144746) Importer(815301076,1909f56bfc062723c751e8b465ee728b)
Start importing Assets/Scenes using Guid(8af8f18d98829d44db0d358877144746) Importer(815301076,1909f56bfc062723c751e8b465ee728b)  -> (artifact id: '9855d166353e8eaaf7dbfb88be4c2156') in 0.006373 seconds 
  Import took 0.010035 seconds .

